2026-03-20 15:48:14 | INFO     | pipeline.synthea_runner | Running Synthea with command: java -jar F:\Synthea\synthea-with-dependencies.jar -s 100 -cs 100 -p 1000 --exporter.csv.export=true --exporter.years_of_history=3 California
2026-03-20 15:48:14 | INFO     | pipeline.synthea_runner | Synthea working directory: F:\Synthea
2026-03-20 15:48:14 | INFO     | pipeline.synthea_runner | Synthea CSV directory: F:\Synthea\output\csv
2026-03-20 15:48:14 | INFO     | pipeline.synthea_runner | Profile output_dir: D:\Python Projects\Hospital readmission risk\data\raw\Synthea\mock
2026-03-20 15:48:14 | INFO     | pipeline.synthea_runner | Files to copy: {'conditions.csv', 'organizations.csv', 'encounters.csv', 'patients.csv', 'procedures.csv', 'careplans.csv', 'claims.csv', 'medications.csv'}
2026-03-20 15:48:14 | INFO     | pipeline.synthea_runner | Delete source files after copy: True
2026-03-20 15:49:45 | INFO     | pipeline.synthea_runner | Copying Synthea CSVs from F:\Synthea\output\csv to D:\Python Projects\Hospital readmission risk\data\raw\Synthea\mock
2026-03-20 15:49:45 | INFO     | pipeline.synthea_runner | Copied F:\Synthea\output\csv\conditions.csv -> D:\Python Projects\Hospital readmission risk\data\raw\Synthea\mock\conditions.csv
2026-03-20 15:49:45 | INFO     | pipeline.synthea_runner | Deleted source file: F:\Synthea\output\csv\conditions.csv
2026-03-20 15:49:45 | INFO     | pipeline.synthea_runner | Copied F:\Synthea\output\csv\organizations.csv -> D:\Python Projects\Hospital readmission risk\data\raw\Synthea\mock\organizations.csv
2026-03-20 15:49:45 | INFO     | pipeline.synthea_runner | Deleted source file: F:\Synthea\output\csv\organizations.csv
2026-03-20 15:49:45 | INFO     | pipeline.synthea_runner | Copied F:\Synthea\output\csv\encounters.csv -> D:\Python Projects\Hospital readmission risk\data\raw\Synthea\mock\encounters.csv
2026-03-20 15:49:45 | INFO     | pipeline.synthea_runner | Deleted source file: F:\Synthea\output\csv\encounters.csv
2026-03-20 15:49:45 | INFO     | pipeline.synthea_runner | Copied F:\Synthea\output\csv\patients.csv -> D:\Python Projects\Hospital readmission risk\data\raw\Synthea\mock\patients.csv
2026-03-20 15:49:45 | INFO     | pipeline.synthea_runner | Deleted source file: F:\Synthea\output\csv\patients.csv
2026-03-20 15:49:45 | INFO     | pipeline.synthea_runner | Copied F:\Synthea\output\csv\procedures.csv -> D:\Python Projects\Hospital readmission risk\data\raw\Synthea\mock\procedures.csv
2026-03-20 15:49:45 | INFO     | pipeline.synthea_runner | Deleted source file: F:\Synthea\output\csv\procedures.csv
2026-03-20 15:49:45 | INFO     | pipeline.synthea_runner | Copied F:\Synthea\output\csv\careplans.csv -> D:\Python Projects\Hospital readmission risk\data\raw\Synthea\mock\careplans.csv
2026-03-20 15:49:45 | INFO     | pipeline.synthea_runner | Deleted source file: F:\Synthea\output\csv\careplans.csv
2026-03-20 15:49:45 | INFO     | pipeline.synthea_runner | Copied F:\Synthea\output\csv\claims.csv -> D:\Python Projects\Hospital readmission risk\data\raw\Synthea\mock\claims.csv
2026-03-20 15:49:45 | INFO     | pipeline.synthea_runner | Deleted source file: F:\Synthea\output\csv\claims.csv
2026-03-20 15:49:45 | INFO     | pipeline.synthea_runner | Copied F:\Synthea\output\csv\medications.csv -> D:\Python Projects\Hospital readmission risk\data\raw\Synthea\mock\medications.csv
2026-03-20 15:49:45 | INFO     | pipeline.synthea_runner | Deleted source file: F:\Synthea\output\csv\medications.csv
2026-03-20 15:49:45 | INFO     | pipeline.bq_loader | Loading CSVs from D:\Python Projects\Hospital readmission risk\data\raw\Synthea\mock into dataset healthcare-test-486920.raw_data
2026-03-20 15:49:46 | INFO     | pipeline.bq_loader | Creating dataset: healthcare-test-486920.raw_data
2026-03-20 15:49:47 | INFO     | pipeline.bq_loader | Loading CSV into BigQuery table: healthcare-test-486920.raw_data.careplans
2026-03-20 15:50:04 | INFO     | pipeline.bq_loader | Loaded 2272 rows into healthcare-test-486920.raw_data.careplans
2026-03-20 15:50:04 | INFO     | pipeline.bq_loader | Loading CSV into BigQuery table: healthcare-test-486920.raw_data.claims
2026-03-20 15:50:13 | INFO     | pipeline.bq_loader | Loaded 47804 rows into healthcare-test-486920.raw_data.claims
2026-03-20 15:50:13 | INFO     | pipeline.bq_loader | Loading CSV into BigQuery table: healthcare-test-486920.raw_data.conditions
2026-03-20 15:50:19 | INFO     | pipeline.bq_loader | Loaded 19547 rows into healthcare-test-486920.raw_data.conditions
2026-03-20 15:50:19 | INFO     | pipeline.bq_loader | Loading CSV into BigQuery table: healthcare-test-486920.raw_data.encounters
2026-03-20 15:50:28 | INFO     | pipeline.bq_loader | Loaded 27471 rows into healthcare-test-486920.raw_data.encounters
2026-03-20 15:50:28 | INFO     | pipeline.bq_loader | Loading CSV into BigQuery table: healthcare-test-486920.raw_data.medications
2026-03-20 15:50:41 | INFO     | pipeline.bq_loader | Loaded 20333 rows into healthcare-test-486920.raw_data.medications
2026-03-20 15:50:41 | INFO     | pipeline.bq_loader | Loading CSV into BigQuery table: healthcare-test-486920.raw_data.organizations
2026-03-20 15:50:51 | INFO     | pipeline.bq_loader | Loaded 2131 rows into healthcare-test-486920.raw_data.organizations
2026-03-20 15:50:51 | INFO     | pipeline.bq_loader | Loading CSV into BigQuery table: healthcare-test-486920.raw_data.patients
2026-03-20 15:51:04 | INFO     | pipeline.bq_loader | Loaded 1136 rows into healthcare-test-486920.raw_data.patients
2026-03-20 15:51:04 | INFO     | pipeline.bq_loader | Loading CSV into BigQuery table: healthcare-test-486920.raw_data.procedures
2026-03-20 15:51:12 | INFO     | pipeline.bq_loader | Loaded 61754 rows into healthcare-test-486920.raw_data.procedures
2026-03-20 15:51:13 | INFO     | pipeline.bq_transformer | Creating dataset: healthcare-test-486920.data_slim
2026-03-20 15:51:15 | INFO     | pipeline.bq_transformer | Creating dataset: healthcare-test-486920.helper_tables
2026-03-20 15:51:16 | INFO     | pipeline.bq_transformer | Running: sql/01_patients_slim_creation.sql
2026-03-20 15:51:16 | INFO     | pipeline.bq_transformer | Running query:
-- Slim patients: retain only demographic columns needed downstream; cluster by id for join performance
CREATE OR REPLACE TABLE healthcare-test-486920.data_slim.patients_slim
  CLUSTER BY id
AS
SELECT
  id,
  birthdate,
  deathdate,
  race,
  gender
FROM healthcare-test-486920.raw_data.patients
2026-03-20 15:51:18 | INFO     | pipeline.bq_transformer | Query finished.
2026-03-20 15:51:18 | INFO     | pipeline.bq_transformer | Running: sql/02_encounters_slim_creation.sql
2026-03-20 15:51:18 | INFO     | pipeline.bq_transformer | Running query:
-- Slim encounters: strip unused columns and filter to clinically relevant encounter classes
CREATE OR REPLACE TABLE healthcare-test-486920.data_slim.encounters_slim
  PARTITION BY DATE_TRUNC(DATE(stop), MONTH)
  CLUSTER BY patient, encounterclass
AS (
  WITH
    -- Anchor point: latest encounter stop in raw data, used to exclude the most recent 30-day window (outcomes not yet known)
    end_date AS (
      SELECT MAX(stop) AS end_ts
      FROM healthcare-test-486920.raw_data.encounters
    ),
    -- Pull patient deathdate for filtering out post-death encounters
    p AS (
      SELECT
        id AS patient_id,
        deathdate
      FROM healthcare-test-486920.data_slim.patients_slim
    )
  SELECT
    e.id,
    e.start,
    e.stop,
    e.patient,
    e.organization,
    e.encounterclass,
    e.base_encounter_cost,
    e.total_claim_cost,
    e.description
  FROM healthcare-test-486920.raw_data.encounters e
  LEFT JOIN p
    ON e.patient = p.patient_id
  CROSS JOIN end_date
  WHERE
    -- Keep only encounter classes used in the readmission model
    e.encounterclass IN (
      'inpatient',
      'emergency',
      'urgentcare',
      'outpatient',
      'ambulatory',
      'virtual')
    -- Exclude encounters ending in the last 30 days: their readmission outcome is not yet observable
    AND e.stop <= TIMESTAMP_SUB(end_ts, INTERVAL 30 DAY)
    -- Exclude encounters that occurred after the patient died
    AND e.stop < COALESCE(TIMESTAMP(deathdate), end_ts)
)
2026-03-20 20:25:36 | INFO     | pipeline.bq_transformer | Dataset already exists: healthcare-test-486920.data_slim
2026-03-20 20:25:36 | INFO     | pipeline.bq_transformer | Dataset already exists: healthcare-test-486920.helper_tables
2026-03-20 20:25:37 | INFO     | pipeline.dictionary_builder | Building diagnoses dictionary
2026-03-20 20:26:30 | INFO     | pipeline.bq_transformer | Dataset already exists: healthcare-test-486920.data_slim
2026-03-20 20:26:30 | INFO     | pipeline.bq_transformer | Dataset already exists: healthcare-test-486920.helper_tables
2026-03-20 20:26:31 | INFO     | pipeline.dictionary_builder | Building diagnoses dictionary
2026-03-20 20:28:30 | INFO     | pipeline.bq_transformer | Dataset already exists: healthcare-test-486920.data_slim
2026-03-20 20:28:30 | INFO     | pipeline.bq_transformer | Dataset already exists: healthcare-test-486920.helper_tables
2026-03-20 20:28:31 | INFO     | pipeline.dictionary_builder | Building diagnoses dictionary
2026-03-20 20:29:39 | INFO     | pipeline.bq_transformer | Dataset already exists: healthcare-test-486920.data_slim
2026-03-20 20:29:39 | INFO     | pipeline.bq_transformer | Dataset already exists: healthcare-test-486920.helper_tables
2026-03-20 20:29:39 | INFO     | pipeline.dictionary_builder | Building diagnoses dictionary
2026-03-20 20:30:42 | INFO     | pipeline.bq_transformer | Dataset already exists: healthcare-test-486920.data_slim
2026-03-20 20:30:42 | INFO     | pipeline.bq_transformer | Dataset already exists: healthcare-test-486920.helper_tables
2026-03-20 20:30:43 | INFO     | pipeline.dictionary_builder | Building diagnoses dictionary
